<?xml version="1.0" encoding="UTF-8"?>
<testng-results skipped="0" failed="0" total="6" passed="6">
  <reporter-output>
  </reporter-output>
  <suite name="Suite" duration-ms="68442" started-at="2018-08-18T06:58:12Z" finished-at="2018-08-18T06:59:21Z">
    <groups>
    </groups>
    <test name="Test" duration-ms="68442" started-at="2018-08-18T06:58:12Z" finished-at="2018-08-18T06:59:21Z">
      <class name="com.pack.TestCase">
        <test-method status="PASS" signature="browserInitialization()[pri:0, instance:com.pack.TestCase@5b275dab]" name="browserInitialization" is-config="true" duration-ms="28685" started-at="2018-08-18T12:28:12Z" finished-at="2018-08-18T12:28:41Z">
          <reporter-output>
          </reporter-output>
        </test-method> <!-- browserInitialization -->
        <test-method status="PASS" signature="titleVerification()[pri:0, instance:com.pack.TestCase@5b275dab]" name="titleVerification" duration-ms="596" started-at="2018-08-18T12:28:41Z" finished-at="2018-08-18T12:28:41Z">
          <reporter-output>
          </reporter-output>
        </test-method> <!-- titleVerification -->
        <test-method status="PASS" signature="loginProfile()[pri:0, instance:com.pack.TestCase@5b275dab]" name="loginProfile" duration-ms="1457" started-at="2018-08-18T12:28:41Z" finished-at="2018-08-18T12:28:43Z">
          <reporter-output>
          </reporter-output>
        </test-method> <!-- loginProfile -->
        <test-method status="PASS" signature="validateProfile()[pri:0, instance:com.pack.TestCase@5b275dab]" name="validateProfile" duration-ms="2822" started-at="2018-08-18T12:28:43Z" depends-on-methods="com.pack.TestCase.loginProfile" finished-at="2018-08-18T12:28:46Z">
          <reporter-output>
          </reporter-output>
        </test-method> <!-- validateProfile -->
        <test-method status="PASS" signature="searchProduct(java.lang.String, java.lang.String)[pri:0, instance:com.pack.TestCase@5b275dab]" name="searchProduct" duration-ms="11141" started-at="2018-08-18T12:28:47Z" data-provider="iphone" depends-on-methods="com.pack.TestCase.validateProfile" finished-at="2018-08-18T12:28:59Z">
          <params>
            <param index="0">
              <value>
                <![CDATA[iphone x]]>
              </value>
            </param>
            <param index="1">
              <value>
                <![CDATA[100000.0]]>
              </value>
            </param>
          </params>
          <reporter-output>
          </reporter-output>
        </test-method> <!-- searchProduct -->
        <test-method status="PASS" signature="purchaseIphone(java.lang.String, java.lang.String)[pri:0, instance:com.pack.TestCase@5b275dab]" name="purchaseIphone" duration-ms="12538" started-at="2018-08-18T12:28:59Z" data-provider="applewatch" depends-on-methods="com.pack.TestCase.searchProduct" finished-at="2018-08-18T12:29:11Z">
          <params>
            <param index="0">
              <value>
                <![CDATA[Apple Watch]]>
              </value>
            </param>
            <param index="1">
              <value>
                <![CDATA[40000.0]]>
              </value>
            </param>
          </params>
          <reporter-output>
          </reporter-output>
        </test-method> <!-- purchaseIphone -->
        <test-method status="PASS" signature="goToCart()[pri:0, instance:com.pack.TestCase@5b275dab]" name="goToCart" duration-ms="8847" started-at="2018-08-18T12:29:11Z" depends-on-methods="com.pack.TestCase.purchaseIphone" finished-at="2018-08-18T12:29:20Z">
          <reporter-output>
          </reporter-output>
        </test-method> <!-- goToCart -->
        <test-method status="PASS" signature="terminateBrowser()[pri:0, instance:com.pack.TestCase@5b275dab]" name="terminateBrowser" is-config="true" duration-ms="598" started-at="2018-08-18T12:29:20Z" finished-at="2018-08-18T12:29:21Z">
          <reporter-output>
          </reporter-output>
        </test-method> <!-- terminateBrowser -->
      </class> <!-- com.pack.TestCase -->
    </test> <!-- Test -->
  </suite> <!-- Suite -->
</testng-results>
