<?xml version="1.0" encoding="UTF-8"?>
<!-- Generated by org.testng.reporters.JUnitXMLReporter -->
<testsuite hostname="DESKTOP-AAM3AQN" name="Test" tests="6" failures="0" timestamp="18 Aug 2018 06:59:21 GMT" time="68.442" errors="0">
  <testcase name="titleVerification" time="0.596" classname="com.pack.TestCase"/>
  <testcase name="loginProfile" time="1.457" classname="com.pack.TestCase"/>
  <testcase name="validateProfile" time="2.822" classname="com.pack.TestCase"/>
  <testcase name="searchProduct" time="11.141" classname="com.pack.TestCase"/>
  <testcase name="purchaseIphone" time="12.538" classname="com.pack.TestCase"/>
  <testcase name="goToCart" time="8.847" classname="com.pack.TestCase"/>
</testsuite> <!-- Test -->
